<?xml version="1.0" encoding="UTF-8"?>
<testsuite name="com.example.testapp.TestappApplicationTests" tests="1" skipped="0" failures="0" errors="0" timestamp="2024-12-23T03:44:43" hostname="DESKTOP-5T3QE91" time="3.729">
  <properties/>
  <testcase name="contextLoads()" classname="com.example.testapp.TestappApplicationTests" time="3.729"/>
  <system-out><![CDATA[12:44:32.226 [Test worker] INFO org.springframework.test.context.support.AnnotationConfigContextLoaderUtils -- Could not detect default configuration classes for test class [com.example.testapp.TestappApplicationTests]: TestappApplicationTests does not declare any static, non-private, non-final, nested classes annotated with @Configuration.
12:44:32.674 [Test worker] INFO org.springframework.boot.test.context.SpringBootTestContextBootstrapper -- Found @SpringBootConfiguration com.example.testapp.TestappApplication for test class com.example.testapp.TestappApplicationTests

  .   ____          _            __ _ _
 /\\ / ___'_ __ _ _(_)_ __  __ _ \ \ \ \
( ( )\___ | '_ | '_| | '_ \/ _` | \ \ \ \
 \\/  ___)| |_)| | | | | || (_| |  ) ) ) )
  '  |____| .__|_| |_|_| |_\__, | / / / /
 =========|_|==============|___/=/_/_/_/

 :: Spring Boot ::                (v3.3.7)

2024-12-23T12:44:34.745+09:00  INFO 1411749 --- [testapp] [    Test worker] c.e.testapp.TestappApplicationTests      : Starting TestappApplicationTests using Java 17.0.13 with PID 1411749 (started by user1 in /home/user1/testapp)
2024-12-23T12:44:34.754+09:00  INFO 1411749 --- [testapp] [    Test worker] c.e.testapp.TestappApplicationTests      : No active profile set, falling back to 1 default profile: "default"
2024-12-23T12:44:43.264+09:00  INFO 1411749 --- [testapp] [    Test worker] o.s.b.a.e.web.EndpointLinksResolver      : Exposing 1 endpoint beneath base path '/actuator'
2024-12-23T12:44:43.577+09:00  INFO 1411749 --- [testapp] [    Test worker] c.e.testapp.TestappApplicationTests      : Started TestappApplicationTests in 10.161 seconds (process running for 15.2)
]]></system-out>
  <system-err><![CDATA[]]></system-err>
</testsuite>
